mode: set
hello/errhanding/filelistingServer/web.go:14.93,15.65 1 1
hello/errhanding/filelistingServer/web.go:15.65,17.16 1 1
hello/errhanding/filelistingServer/web.go:25.3,27.17 2 1
hello/errhanding/filelistingServer/web.go:17.16,19.32 1 1
hello/errhanding/filelistingServer/web.go:19.32,22.5 2 1
hello/errhanding/filelistingServer/web.go:27.17,32.42 2 1
hello/errhanding/filelistingServer/web.go:37.4,38.11 2 1
hello/errhanding/filelistingServer/web.go:51.4,51.51 1 1
hello/errhanding/filelistingServer/web.go:32.42,35.5 2 1
hello/errhanding/filelistingServer/web.go:40.28,41.31 1 1
hello/errhanding/filelistingServer/web.go:43.30,44.32 1 1
hello/errhanding/filelistingServer/web.go:45.12,47.42 1 1
hello/errhanding/filelistingServer/web.go:63.13,69.16 3 0
hello/errhanding/filelistingServer/web.go:69.16,70.13 1 0
