mode: set
hello/container/nonrepeatingsubstr/nonrepeating.go:6.58,16.31 3 1
hello/container/nonrepeatingsubstr/nonrepeating.go:26.2,26.18 1 1
hello/container/nonrepeatingsubstr/nonrepeating.go:16.31,17.58 1 1
hello/container/nonrepeatingsubstr/nonrepeating.go:21.3,21.28 1 1
hello/container/nonrepeatingsubstr/nonrepeating.go:24.3,24.23 1 1
hello/container/nonrepeatingsubstr/nonrepeating.go:17.58,20.4 1 1
hello/container/nonrepeatingsubstr/nonrepeating.go:21.28,23.4 1 1
hello/container/nonrepeatingsubstr/nonrepeating.go:29.13,45.2 7 0
